<?xml version="1.0" encoding="UTF-8"?>
<!-- Generated by org.testng.reporters.JUnitReportReporter -->
<testsuite skipped="0" hostname="Vinay" name="com.cropin.testscripts.TC_Contractor_03" tests="1" failures="0" timestamp="03 Dec 2020 09:55:56 GMT" time="82.031" errors="0">
  <testcase name="testUploadTemplate" time="82.031" classname="com.cropin.testscripts.TC_Contractor_03"/>
</testsuite> <!-- com.cropin.testscripts.TC_Contractor_03 -->
