<?xml version="1.0" encoding="UTF-8"?>
<!-- Generated by org.testng.reporters.JUnitReportReporter -->
<testsuite skipped="0" hostname="LAPTOP-DUI2CR0P" name="com.hcl.smartrecruit.testscripts.CreateRequisition" tests="3" failures="0" timestamp="13 Sep 2020 05:56:11 GMT" time="17.862" errors="0">
  <testcase name="createRequisition" time="10.470" classname="com.hcl.smartrecruit.testscripts.CreateRequisition"/>
  <testcase name="createRequisition" time="4.391" classname="com.hcl.smartrecruit.testscripts.CreateRequisition"/>
  <testcase name="createRequisition" time="3.001" classname="com.hcl.smartrecruit.testscripts.CreateRequisition"/>
</testsuite> <!-- com.hcl.smartrecruit.testscripts.CreateRequisition -->
