<?xml version="1.0" encoding="UTF-8"?>
<!-- Generated by org.testng.reporters.JUnitReportReporter -->
<testsuite skipped="0" hostname="HCLT-PC5929-1" name="com.hcl.smartrecruit.testscripts.ApproveAllRequisition" tests="1" failures="0" timestamp="21 Sep 2020 15:54:23 GMT" time="366.956" errors="0">
  <testcase name="TC_ApproveAllRequisition" time="366.956" classname="com.hcl.smartrecruit.testscripts.ApproveAllRequisition"/>
</testsuite> <!-- com.hcl.smartrecruit.testscripts.ApproveAllRequisition -->
