<?xml version="1.0" encoding="UTF-8"?>
<!-- Generated by org.testng.reporters.JUnitReportReporter -->
<testsuite skipped="0" hostname="Vinay" name="com.cropin.testscripts.TC_Resource_01" tests="1" failures="0" timestamp="03 Dec 2020 09:55:56 GMT" time="62.360" errors="0">
  <testcase name="testAddFarmResource" time="62.360" classname="com.cropin.testscripts.TC_Resource_01"/>
</testsuite> <!-- com.cropin.testscripts.TC_Resource_01 -->
