<?xml version="1.0" encoding="UTF-8"?>
<!-- Generated by org.testng.reporters.JUnitReportReporter -->
<testsuite skipped="0" hostname="Vinay" name="com.cropin.testscripts.TC_Forms_01" tests="1" failures="0" timestamp="03 Dec 2020 13:02:31 GMT" time="42.517" errors="0">
  <testcase name="testAddForms" time="42.517" classname="com.cropin.testscripts.TC_Forms_01"/>
</testsuite> <!-- com.cropin.testscripts.TC_Forms_01 -->
