<?xml version="1.0" encoding="UTF-8"?>
<!-- Generated by org.testng.reporters.JUnitReportReporter -->
<testsuite skipped="0" hostname="HCLT-PC5929-1" name="com.hcl.smartrecruit.testscripts.CreateNewRequisition" tests="1" failures="0" timestamp="18 Sep 2020 21:53:28 GMT" time="164.028" errors="0">
  <testcase name="TC_CreateNewRequisitionForm" time="164.028" classname="com.hcl.smartrecruit.testscripts.CreateNewRequisition"/>
</testsuite> <!-- com.hcl.smartrecruit.testscripts.CreateNewRequisition -->
