<?xml version="1.0" encoding="UTF-8"?>
<!-- Generated by org.testng.reporters.JUnitReportReporter -->
<testsuite skipped="0" hostname="Vinay" name="com.cropin.testscripts.LoginTest" tests="1" failures="0" timestamp="19 Nov 2020 16:49:12 GMT" time="9.262" errors="0">
  <testcase name="testLogin" time="9.262" classname="com.cropin.testscripts.LoginTest"/>
</testsuite> <!-- com.cropin.testscripts.LoginTest -->
