<?xml version="1.0" encoding="UTF-8"?>
<!-- Generated by org.testng.reporters.JUnitReportReporter -->
<testsuite skipped="0" hostname="Vinay" name="com.cropin.testscripts.TC_Farmer_05" tests="1" failures="0" timestamp="03 Dec 2020 09:55:56 GMT" time="24.179" errors="0">
  <testcase name="testDownloadBulkTemp" time="24.179" classname="com.cropin.testscripts.TC_Farmer_05"/>
</testsuite> <!-- com.cropin.testscripts.TC_Farmer_05 -->
