<?xml version="1.0" encoding="UTF-8"?>
<!-- Generated by org.testng.reporters.JUnitReportReporter -->
<testsuite skipped="0" hostname="Vinay" name="com.cropin.testscripts.TC_Resource_02" tests="1" failures="0" timestamp="03 Dec 2020 09:55:56 GMT" time="24.515" errors="0">
  <testcase name="testDownloadTemplate" time="24.515" classname="com.cropin.testscripts.TC_Resource_02"/>
</testsuite> <!-- com.cropin.testscripts.TC_Resource_02 -->
