<?xml version="1.0" encoding="UTF-8"?>
<!-- Generated by org.testng.reporters.JUnitReportReporter -->
<testsuite skipped="0" hostname="HCLT-PC5929-1" name="com.hcl.smartrecruit.testscripts.CreateNewRequisition" tests="1" failures="1" timestamp="19 Sep 2020 15:26:42 GMT" time="140.712" errors="0">
  <testcase name="TC_CreateNewRequisitionForm" time="140.712" classname="com.hcl.smartrecruit.testscripts.CreateNewRequisition">
    <failure type="java.lang.AssertionError" message="MouseHover is not Completed">
      <![CDATA[java.lang.AssertionError: MouseHover is not Completed
at org.testng.Assert.fail(Assert.java:96)
at com.hcl.smartrecruit.util.WebActionUtil.actionMouseHover(WebActionUtil.java:467)
at com.hcl.smartrecruit.pages.RequisitionRequest_Page.projectDetail(RequisitionRequest_Page.java:323)
at com.hcl.smartrecruit.testscripts.CreateNewRequisition.TC_CreateNewRequisitionForm(CreateNewRequisition.java:29)
at sun.reflect.NativeMethodAccessorImpl.invoke0(Native Method)
at sun.reflect.NativeMethodAccessorImpl.invoke(Unknown Source)
at sun.reflect.DelegatingMethodAccessorImpl.invoke(Unknown Source)
at java.lang.reflect.Method.invoke(Unknown Source)
at org.testng.internal.MethodInvocationHelper.invokeMethod(MethodInvocationHelper.java:124)
at org.testng.internal.Invoker.invokeMethod(Invoker.java:583)
at org.testng.internal.Invoker.invokeTestMethod(Invoker.java:719)
at org.testng.internal.Invoker.invokeTestMethods(Invoker.java:989)
at org.testng.internal.TestMethodWorker.invokeTestMethods(TestMethodWorker.java:125)
at org.testng.internal.TestMethodWorker.run(TestMethodWorker.java:109)
at org.testng.TestRunner.privateRun(TestRunner.java:648)
at org.testng.TestRunner.run(TestRunner.java:505)
at org.testng.SuiteRunner.runTest(SuiteRunner.java:455)
at org.testng.SuiteRunner.access$000(SuiteRunner.java:40)
at org.testng.SuiteRunner$SuiteWorker.run(SuiteRunner.java:489)
at org.testng.internal.thread.ThreadUtil$1.call(ThreadUtil.java:52)
at java.util.concurrent.FutureTask.run(Unknown Source)
at java.util.concurrent.ThreadPoolExecutor.runWorker(Unknown Source)
at java.util.concurrent.ThreadPoolExecutor$Worker.run(Unknown Source)
at java.lang.Thread.run(Unknown Source)
]]>
    </failure>
  </testcase> <!-- TC_CreateNewRequisitionForm -->
</testsuite> <!-- com.hcl.smartrecruit.testscripts.CreateNewRequisition -->
