<?xml version="1.0" encoding="UTF-8"?>
<!-- Generated by org.testng.reporters.JUnitReportReporter -->
<testsuite skipped="0" hostname="Vinay" name="com.cropin.testscripts.TC_SubCompany_02" tests="1" failures="0" timestamp="03 Dec 2020 11:45:27 GMT" time="32.730" errors="0">
  <testcase name="testSearchSubCompany" time="32.730" classname="com.cropin.testscripts.TC_SubCompany_02"/>
</testsuite> <!-- com.cropin.testscripts.TC_SubCompany_02 -->
