<?xml version="1.0" encoding="UTF-8"?>
<!-- Generated by org.testng.reporters.JUnitReportReporter -->
<testsuite skipped="0" hostname="Vinay" name="com.cropin.testscripts.TC_Resource_04" tests="1" failures="0" timestamp="03 Dec 2020 09:55:56 GMT" time="37.750" errors="0">
  <testcase name="testUploadTemplate" time="37.750" classname="com.cropin.testscripts.TC_Resource_04"/>
</testsuite> <!-- com.cropin.testscripts.TC_Resource_04 -->
