<?xml version="1.0" encoding="UTF-8"?>
<!-- Generated by org.testng.reporters.JUnitReportReporter -->
<testsuite skipped="0" hostname="Vinay" name="com.cropin.testscripts.TC_Plantype_02" tests="1" failures="0" timestamp="03 Dec 2020 09:55:56 GMT" time="35.865" errors="0">
  <testcase name="testEditPlan" time="35.865" classname="com.cropin.testscripts.TC_Plantype_02"/>
</testsuite> <!-- com.cropin.testscripts.TC_Plantype_02 -->
