<?xml version="1.0" encoding="UTF-8"?>
<!-- Generated by org.testng.reporters.JUnitReportReporter -->
<testsuite skipped="0" hostname="LAPTOP-DUI2CR0P" name="test.smartrecruit.createrequisition.CreateRequisition" tests="3" failures="0" timestamp="11 Sep 2020 14:08:23 GMT" time="36.110" errors="0">
  <testcase name="createRequisition" time="18.481" classname="test.smartrecruit.createrequisition.CreateRequisition"/>
  <testcase name="createRequisition" time="6.340" classname="test.smartrecruit.createrequisition.CreateRequisition"/>
  <testcase name="createRequisition" time="11.289" classname="test.smartrecruit.createrequisition.CreateRequisition"/>
</testsuite> <!-- test.smartrecruit.createrequisition.CreateRequisition -->
