<?xml version="1.0" encoding="UTF-8"?>
<!-- Generated by org.testng.reporters.JUnitReportReporter -->
<testsuite skipped="0" hostname="Vinay" name="com.cropin.testscripts.TC_Plantype_04" tests="1" failures="0" timestamp="03 Dec 2020 09:55:56 GMT" time="27.124" errors="0">
  <testcase name="testConditionalAttribute" time="27.124" classname="com.cropin.testscripts.TC_Plantype_04"/>
</testsuite> <!-- com.cropin.testscripts.TC_Plantype_04 -->
