<?xml version="1.0" encoding="UTF-8"?>
<!-- Generated by org.testng.reporters.JUnitReportReporter -->
<testsuite skipped="0" hostname="Vinay" name="com.cropin.testscripts.TC_Asset_01" tests="1" failures="0" timestamp="03 Dec 2020 09:55:56 GMT" time="68.747" errors="0">
  <testcase name="testAddAsset" time="68.747" classname="com.cropin.testscripts.TC_Asset_01"/>
</testsuite> <!-- com.cropin.testscripts.TC_Asset_01 -->
